<?xml version="1.0" encoding="UTF-8"?>
<testsuite xmlns:xsi="http://www.w3.org/2001/XMLSchema-instance" xsi:noNamespaceSchemaLocation="https://maven.apache.org/surefire/maven-surefire-plugin/xsd/surefire-test-report-3.0.xsd" version="3.0" name="org.acme.spring.data.jpa.EmployeeResourceTest" time="27.05" tests="1" errors="1" skipped="0" failures="0">
  <properties>
[...]
</properties>
  <testcase name="testListAllFruits" classname="org.acme.spring.data.jpa.EmployeeResourceTest" time="0.033">
    <error type="java.lang.RuntimeException"><![CDATA[java.lang.RuntimeException: 
java.lang.RuntimeException: io.quarkus.builder.BuildException: Build failure: Build failed due to errors
	[error]: Build step io.quarkus.hibernate.orm.deployment.HibernateOrmProcessor#configurationDescriptorBuilding threw an exception: io.quarkus.runtime.configuration.ConfigurationException: Model classes are defined for the default persistence unit, but no default datasource was found. The default EntityManagerFactory will not be created. To solve this, configure the default datasource. Refer to https://quarkus.io/guides/datasource for guidance.
	at io.quarkus.hibernate.orm.deployment.HibernateOrmProcessor.handleHibernateORMWithNoPersistenceXml(HibernateOrmProcessor.java:794)
	at io.quarkus.hibernate.orm.deployment.HibernateOrmProcessor.configurationDescriptorBuilding(HibernateOrmProcessor.java:291)
	at java.base/jdk.internal.reflect.NativeMethodAccessorImpl.invoke0(Native Method)
	at java.base/jdk.internal.reflect.NativeMethodAccessorImpl.invoke(NativeMethodAccessorImpl.java:78)
	at java.base/jdk.internal.reflect.DelegatingMethodAccessorImpl.invoke(DelegatingMethodAccessorImpl.java:43)
	at java.base/java.lang.reflect.Method.invoke(Method.java:567)
	at io.quarkus.deployment.ExtensionLoader$2.execute(ExtensionLoader.java:820)
	at io.quarkus.builder.BuildContext.run(BuildContext.java:277)
	at org.jboss.threads.ContextHandler$1.runWith(ContextHandler.java:18)
	at org.jboss.threads.EnhancedQueueExecutor$Task.run(EnhancedQueueExecutor.java:2449)
	at org.jboss.threads.EnhancedQueueExecutor$ThreadBody.run(EnhancedQueueExecutor.java:1478)
	at java.base/java.lang.Thread.run(Thread.java:831)
	at org.jboss.threads.JBossThread.run(JBossThread.java:501)

Caused by: java.lang.RuntimeException: 
io.quarkus.builder.BuildException: Build failure: Build failed due to errors
	[error]: Build step io.quarkus.hibernate.orm.deployment.HibernateOrmProcessor#configurationDescriptorBuilding threw an exception: io.quarkus.runtime.configuration.ConfigurationException: Model classes are defined for the default persistence unit, but no default datasource was found. The default EntityManagerFactory will not be created. To solve this, configure the default datasource. Refer to https://quarkus.io/guides/datasource for guidance.
	at io.quarkus.hibernate.orm.deployment.HibernateOrmProcessor.handleHibernateORMWithNoPersistenceXml(HibernateOrmProcessor.java:794)
	at io.quarkus.hibernate.orm.deployment.HibernateOrmProcessor.configurationDescriptorBuilding(HibernateOrmProcessor.java:291)
	at java.base/jdk.internal.reflect.NativeMethodAccessorImpl.invoke0(Native Method)
	at java.base/jdk.internal.reflect.NativeMethodAccessorImpl.invoke(NativeMethodAccessorImpl.java:78)
	at java.base/jdk.internal.reflect.DelegatingMethodAccessorImpl.invoke(DelegatingMethodAccessorImpl.java:43)
	at java.base/java.lang.reflect.Method.invoke(Method.java:567)
	at io.quarkus.deployment.ExtensionLoader$2.execute(ExtensionLoader.java:820)
	at io.quarkus.builder.BuildContext.run(BuildContext.java:277)
	at org.jboss.threads.ContextHandler$1.runWith(ContextHandler.java:18)
	at org.jboss.threads.EnhancedQueueExecutor$Task.run(EnhancedQueueExecutor.java:2449)
	at org.jboss.threads.EnhancedQueueExecutor$ThreadBody.run(EnhancedQueueExecutor.java:1478)
	at java.base/java.lang.Thread.run(Thread.java:831)
	at org.jboss.threads.JBossThread.run(JBossThread.java:501)

Caused by: io.quarkus.builder.BuildException: 
Build failure: Build failed due to errors
	[error]: Build step io.quarkus.hibernate.orm.deployment.HibernateOrmProcessor#configurationDescriptorBuilding threw an exception: io.quarkus.runtime.configuration.ConfigurationException: Model classes are defined for the default persistence unit, but no default datasource was found. The default EntityManagerFactory will not be created. To solve this, configure the default datasource. Refer to https://quarkus.io/guides/datasource for guidance.
	at io.quarkus.hibernate.orm.deployment.HibernateOrmProcessor.handleHibernateORMWithNoPersistenceXml(HibernateOrmProcessor.java:794)
	at io.quarkus.hibernate.orm.deployment.HibernateOrmProcessor.configurationDescriptorBuilding(HibernateOrmProcessor.java:291)
	at java.base/jdk.internal.reflect.NativeMethodAccessorImpl.invoke0(Native Method)
	at java.base/jdk.internal.reflect.NativeMethodAccessorImpl.invoke(NativeMethodAccessorImpl.java:78)
	at java.base/jdk.internal.reflect.DelegatingMethodAccessorImpl.invoke(DelegatingMethodAccessorImpl.java:43)
	at java.base/java.lang.reflect.Method.invoke(Method.java:567)
	at io.quarkus.deployment.ExtensionLoader$2.execute(ExtensionLoader.java:820)
	at io.quarkus.builder.BuildContext.run(BuildContext.java:277)
	at org.jboss.threads.ContextHandler$1.runWith(ContextHandler.java:18)
	at org.jboss.threads.EnhancedQueueExecutor$Task.run(EnhancedQueueExecutor.java:2449)
	at org.jboss.threads.EnhancedQueueExecutor$ThreadBody.run(EnhancedQueueExecutor.java:1478)
	at java.base/java.lang.Thread.run(Thread.java:831)
	at org.jboss.threads.JBossThread.run(JBossThread.java:501)

Caused by: io.quarkus.runtime.configuration.ConfigurationException: Model classes are defined for the default persistence unit, but no default datasource was found. The default EntityManagerFactory will not be created. To solve this, configure the default datasource. Refer to https://quarkus.io/guides/datasource for guidance.
]]></error>
    <system-out><![CDATA[Downloading from central: https://repo.maven.apache.org/maven2/io/quarkus/quarkus-jdbc-h2-deployment/2.3.0.Final/quarkus-jdbc-h2-deployment-2.3.0.Final.pom
Progress (1): quarkus-jdbc-h2-deployment-2.3.0.Final.pom (1.9 kB)                                                                 Downloaded from central: https://repo.maven.apache.org/maven2/io/quarkus/quarkus-jdbc-h2-deployment/2.3.0.Final/quarkus-jdbc-h2-deployment-2.3.0.Final.pom (1.9 kB at 805 B/s)
Downloading from central: https://repo.maven.apache.org/maven2/org/jsoup/jsoup/1.14.2/jsoup-1.14.2.pom
Progress (1): jsoup-1.14.2.pom (2.7/12 kB)Progress (1): jsoup-1.14.2.pom (5.5/12 kB)Progress (1): jsoup-1.14.2.pom (8.2/12 kB)Progress (1): jsoup-1.14.2.pom (11/12 kB) Progress (1): jsoup-1.14.2.pom (12 kB)                                         Downloaded from central: https://repo.maven.apache.org/maven2/org/jsoup/jsoup/1.14.2/jsoup-1.14.2.pom (12 kB at 14 kB/s)
Downloading from central: https://repo.maven.apache.org/maven2/io/quarkus/quarkus-devtools-utilities/2.3.0.Final/quarkus-devtools-utilities-2.3.0.Final.pom
Progress (1): quarkus-devtools-utilities-2.3.0.Final.pom (583 B)                                                                Downloaded from central: https://repo.maven.apache.org/maven2/io/quarkus/quarkus-devtools-utilities/2.3.0.Final/quarkus-devtools-utilities-2.3.0.Final.pom (583 B at 796 B/s)
Downloading from central: https://repo.maven.apache.org/maven2/io/quarkus/quarkus-tools-parent/2.3.0.Final/quarkus-tools-parent-2.3.0.Final.pom
Progress (1): quarkus-tools-parent-2.3.0.Final.pom (2.7/27 kB)Progress (1): quarkus-tools-parent-2.3.0.Final.pom (5.5/27 kB)Progress (1): quarkus-tools-parent-2.3.0.Final.pom (8.2/27 kB)Progress (1): quarkus-tools-parent-2.3.0.Final.pom (11/27 kB) Progress (1): quarkus-tools-parent-2.3.0.Final.pom (14/27 kB)Progress (1): quarkus-tools-parent-2.3.0.Final.pom (16/27 kB)Progress (1): quarkus-tools-parent-2.3.0.Final.pom (19/27 kB)Progress (1): quarkus-tools-parent-2.3.0.Final.pom (22/27 kB)Progress (1): quarkus-tools-parent-2.3.0.Final.pom (25/27 kB)Progress (1): quarkus-tools-parent-2.3.0.Final.pom (27 kB)                                                             Downloaded from central: https://repo.maven.apache.org/maven2/io/quarkus/quarkus-tools-parent/2.3.0.Final/quarkus-tools-parent-2.3.0.Final.pom (27 kB at 34 kB/s)
Downloading from central: https://repo.maven.apache.org/maven2/com/fasterxml/jackson/jackson-bom/2.12.5/jackson-bom-2.12.5.pom
Progress (1): jackson-bom-2.12.5.pom (2.7/17 kB)Progress (1): jackson-bom-2.12.5.pom (5.5/17 kB)Progress (1): jackson-bom-2.12.5.pom (8.2/17 kB)Progress (1): jackson-bom-2.12.5.pom (11/17 kB) Progress (1): jackson-bom-2.12.5.pom (14/17 kB)Progress (1): jackson-bom-2.12.5.pom (16/17 kB)Progress (1): jackson-bom-2.12.5.pom (17 kB)                                               Downloaded from central: https://repo.maven.apache.org/maven2/com/fasterxml/jackson/jackson-bom/2.12.5/jackson-bom-2.12.5.pom (17 kB at 19 kB/s)
Downloading from central: https://repo.maven.apache.org/maven2/io/quarkus/quarkus-devservices-h2/2.2.3.Final/quarkus-devservices-h2-2.2.3.Final.pom
Progress (1): quarkus-devservices-h2-2.2.3.Final.pom (1.9 kB)                                                             Downloaded from central: https://repo.maven.apache.org/maven2/io/quarkus/quarkus-devservices-h2/2.2.3.Final/quarkus-devservices-h2-2.2.3.Final.pom (1.9 kB at 2.1 kB/s)
Downloading from central: https://repo.maven.apache.org/maven2/io/quarkus/quarkus-devservices-h2/2.2.3.Final/quarkus-devservices-h2-2.2.3.Final.jar
Downloading from central: https://repo.maven.apache.org/maven2/io/quarkus/quarkus-jdbc-h2-deployment/2.3.0.Final/quarkus-jdbc-h2-deployment-2.3.0.Final.jar
Progress (1): quarkus-devservices-h2-2.2.3.Final.jar (4.1/8.0 kB)Progress (1): quarkus-devservices-h2-2.2.3.Final.jar (8.0 kB)                                                                 Downloaded from central: https://repo.maven.apache.org/maven2/io/quarkus/quarkus-devservices-h2/2.2.3.Final/quarkus-devservices-h2-2.2.3.Final.jar (8.0 kB at 10 kB/s)
Progress (1): quarkus-jdbc-h2-deployment-2.3.0.Final.jar (2.7/5.5 kB)Progress (1): quarkus-jdbc-h2-deployment-2.3.0.Final.jar (5.5/5.5 kB)Progress (1): quarkus-jdbc-h2-deployment-2.3.0.Final.jar (5.5 kB)                                                                     Downloaded from central: https://repo.maven.apache.org/maven2/io/quarkus/quarkus-jdbc-h2-deployment/2.3.0.Final/quarkus-jdbc-h2-deployment-2.3.0.Final.jar (5.5 kB at 4.2 kB/s)
2021-10-01 16:43:57,651 WARN  [io.qua.dat.dep.dev.DevServicesDatasourceProcessor] (build-41) Unable to determine a database type for default datasource
]]></system-out>
  </testcase>
</testsuite>